<?xml version="1.0" encoding="UTF-8"?>
<testng-results ignored="0" total="1" passed="1" failed="0" skipped="0">
  <reporter-output>
  </reporter-output>
  <suite started-at="2024-01-08T17:20:49 IST" name="Default suite" finished-at="2024-01-08T17:21:21 IST" duration-ms="32488">
    <groups>
    </groups>
    <test started-at="2024-01-08T17:20:49 IST" name="Default test" finished-at="2024-01-08T17:21:21 IST" duration-ms="32488">
      <class name="scripts.testcase1">
        <test-method is-config="true" signature="openApp()[pri:0, instance:scripts.testcase1@5677323c]" started-at="2024-01-08T17:20:49 IST" name="openApp" finished-at="2024-01-08T17:21:02 IST" duration-ms="12817" status="PASS">
          <reporter-output>
          </reporter-output>
        </test-method> <!-- openApp -->
        <test-method signature="tc1()[pri:0, instance:scripts.testcase1@5677323c]" started-at="2024-01-08T17:21:02 IST" name="tc1" finished-at="2024-01-08T17:21:20 IST" duration-ms="18616" status="PASS">
          <reporter-output>
          </reporter-output>
        </test-method> <!-- tc1 -->
        <test-method is-config="true" signature="closeApp(org.testng.ITestResult)[pri:0, instance:scripts.testcase1@5677323c]" started-at="2024-01-08T17:21:20 IST" name="closeApp" finished-at="2024-01-08T17:21:21 IST" duration-ms="899" status="PASS">
          <params>
            <param index="0">
              <value>
                <![CDATA[[TestResult name=tc1 status=SUCCESS method=testcase1.tc1()[pri:0, instance:scripts.testcase1@5677323c] output={null}]]]>
              </value>
            </param>
          </params>
          <reporter-output>
          </reporter-output>
        </test-method> <!-- closeApp -->
      </class> <!-- scripts.testcase1 -->
    </test> <!-- Default test -->
  </suite> <!-- Default suite -->
</testng-results>
